2026-03-23 12:00:28 | INFO     | scraper_service | Redis connected
2026-03-23 12:05:50 | INFO     | scraper_service | Redis connected
2026-03-23 12:13:40 | INFO     | scraper_service | Redis connected
2026-03-23 12:14:42 | INFO     | scraper_service | Redis connected
2026-03-23 12:52:13 | INFO     | scraper_service | Redis connected
2026-03-23 13:11:00 | INFO     | scraper_service | Redis connected
2026-03-23 13:29:15 | INFO     | scraper_service | [gem] done — found=1 saved=1
2026-03-23 13:29:43 | INFO     | scraper_service | [gem] done — found=1 saved=1
2026-03-23 13:30:24 | INFO     | scraper_service | [tenderdetail] done — found=28 saved=28
2026-03-23 13:30:25 | INFO     | scraper_service | [tender247] done — found=0 saved=0
2026-03-23 13:31:44 | INFO     | scraper_service | [tenderontime] done — found=11 saved=11
2026-03-23 13:38:01 | INFO     | scraper_service | [tenderdetail] done — found=28 saved=28
2026-03-23 14:00:38 | INFO     | scraper_service | [tender247] done — found=0 saved=0
2026-03-23 14:04:27 | INFO     | scraper_service | Redis connected
2026-03-23 14:04:29 | INFO     | scraper_service | Redis connected
2026-03-23 14:05:46 | INFO     | scraper_service | Redis connected
2026-03-23 14:11:45 | INFO     | scraper_service | [biddetail] done — found=0 saved=0
2026-03-23 14:12:15 | INFO     | scraper_service | Redis connected
2026-03-23 14:12:16 | INFO     | scraper_service | Redis connected
2026-03-23 14:23:27 | INFO     | scraper_service | [biddetail] done — found=0 saved=0
2026-03-23 14:36:39 | INFO     | scraper_service | [tender247] done — found=0 saved=0
2026-03-23 14:59:37 | INFO     | scraper_service | [gem] done — found=0 saved=0
2026-03-23 15:03:47 | INFO     | scraper_service | [gem] done — found=0 saved=0
2026-03-23 15:07:20 | INFO     | scraper_service | [gem] done — found=0 saved=0
2026-03-23 15:11:04 | INFO     | scraper_service | [gem] done — found=0 saved=0
2026-03-23 15:13:14 | INFO     | scraper_service | Redis connected
2026-03-23 15:14:09 | INFO     | scraper_service | [gem] done — found=0 saved=0
2026-03-23 15:21:14 | INFO     | scraper_service | Redis connected
2026-03-23 15:23:15 | INFO     | scraper_service | [gem] done — found=0 saved=0
2026-03-23 15:25:39 | INFO     | scraper_service | Redis connected
2026-03-23 15:27:10 | INFO     | scraper_service | [gem] done — found=0 saved=0
2026-03-23 15:30:18 | INFO     | scraper_service | Redis connected
2026-03-23 15:30:51 | INFO     | scraper_service | [gem] done — found=0 saved=0
2026-03-23 15:52:13 | INFO     | scraper_service | Redis connected
2026-03-23 15:59:49 | INFO     | scraper_service | [tenderdetail] done — found=3 saved=3
2026-03-23 16:04:14 | INFO     | scraper_service | Redis connected
2026-03-23 16:09:45 | INFO     | scraper_service | [tenderdetail] done — found=0 saved=0
2026-03-23 16:09:56 | INFO     | scraper_service | [tenderdetail] done — found=0 saved=0
2026-03-23 16:13:39 | INFO     | scraper_service | Redis connected
2026-03-23 16:23:38 | INFO     | scraper_service | Redis connected
2026-03-23 16:25:41 | INFO     | scraper_service | Redis connected
2026-03-23 16:26:37 | INFO     | scraper_service | Redis connected
2026-03-23 16:27:54 | INFO     | scraper_service | Redis connected
2026-03-23 16:28:56 | INFO     | scraper_service | Redis connected
2026-03-23 16:31:06 | INFO     | scraper_service | Redis connected
2026-03-23 16:31:19 | INFO     | scraper_service | Redis connected
2026-03-23 16:32:11 | INFO     | scraper_service | Redis connected
2026-03-23 16:34:47 | INFO     | scraper_service | Redis connected
2026-03-23 16:35:18 | INFO     | scraper_service | Redis connected
2026-03-23 16:35:20 | INFO     | scraper_service | Redis connected
2026-03-23 16:42:12 | INFO     | scraper_service | Redis connected
2026-03-23 16:51:32 | INFO     | scraper_service | Redis connected
2026-03-23 17:01:57 | INFO     | scraper_service | [tenderdetail] done — found=0 saved=0
2026-03-23 17:08:01 | INFO     | scraper_service | Redis connected
2026-03-23 17:19:19 | INFO     | scraper_service | Redis connected
2026-03-23 17:39:14 | INFO     | scraper_service | [biddetail] done — found=0 saved=0
2026-03-23 17:39:21 | INFO     | scraper_service | Redis connected
2026-03-23 17:45:12 | INFO     | scraper_service | Redis connected
2026-03-23 17:53:41 | INFO     | scraper_service | Redis connected
2026-03-23 17:56:19 | INFO     | scraper_service | Redis connected
2026-03-23 18:01:19 | INFO     | scraper_service | Redis connected
2026-03-23 18:01:22 | INFO     | scraper_service | Redis connected
2026-03-23 18:01:50 | INFO     | scraper_service | Redis connected
2026-03-23 18:02:22 | INFO     | scraper_service | Redis connected
2026-03-23 18:02:24 | INFO     | scraper_service | Redis connected
2026-03-23 18:05:42 | INFO     | scraper_service | Redis connected
2026-03-23 18:08:14 | INFO     | scraper_service | Redis connected
2026-03-23 18:16:41 | INFO     | scraper_service | Redis connected
2026-03-23 18:16:43 | INFO     | scraper_service | Redis connected
2026-03-24 10:34:47 | INFO     | scraper_service | Redis connected
2026-03-24 10:47:06 | INFO     | scraper_service | Redis connected
2026-03-24 11:05:09 | INFO     | scraper_service | [tender247] done — found=0 saved=0
2026-03-24 11:08:04 | INFO     | scraper_service | [tenderdetail] done — found=0 saved=0
2026-03-24 11:08:09 | INFO     | scraper_service | [tenderontime] done — found=1 saved=1
2026-03-24 11:08:24 | INFO     | scraper_service | [biddetail] done — found=0 saved=0
2026-03-24 11:09:14 | INFO     | scraper_service | [gem] done — found=0 saved=0
2026-03-24 11:09:33 | INFO     | scraper_service | Redis connected
2026-03-24 11:09:35 | INFO     | scraper_service | Redis connected
2026-03-24 11:24:52 | INFO     | scraper_service | Redis connected
2026-03-24 11:34:37 | INFO     | scraper_service | Redis connected
2026-03-24 11:41:40 | INFO     | scraper_service | [gem] done — found=0 saved=0
2026-03-24 11:45:47 | INFO     | scraper_service | [gem] done — found=0 saved=0
2026-03-24 11:48:05 | INFO     | scraper_service | Redis connected
2026-03-24 11:57:35 | INFO     | scraper_service | Redis connected
2026-03-24 12:00:11 | INFO     | scraper_service | Redis connected
2026-03-24 12:04:31 | INFO     | scraper_service | Redis connected
2026-03-24 12:23:48 | INFO     | scraper_service | [tenderdetail] done — found=28 saved=28
2026-03-24 12:24:27 | INFO     | scraper_service | [tender247] done — found=0 saved=0
2026-03-24 12:32:28 | INFO     | scraper_service | [gem] done — found=10 saved=10
2026-03-24 12:44:49 | INFO     | scraper_service | [biddetail] done — found=0 saved=0
2026-03-24 12:48:33 | INFO     | scraper_service | [tenderontime] done — found=86 saved=86
2026-03-24 12:55:40 | INFO     | scraper_service | [biddetail] done — found=0 saved=0
2026-03-24 12:55:46 | INFO     | scraper_service | Redis connected
2026-03-24 13:06:34 | INFO     | scraper_service | Redis connected
2026-03-24 13:10:07 | INFO     | scraper_service | Redis connected
2026-03-24 13:12:34 | INFO     | scraper_service | Redis connected
2026-03-24 13:13:37 | INFO     | scraper_service | Redis connected
2026-03-24 13:13:39 | INFO     | scraper_service | Redis connected
2026-03-24 13:18:09 | INFO     | scraper_service | Redis connected
2026-03-24 13:18:25 | INFO     | scraper_service | Redis connected
2026-03-24 13:19:31 | INFO     | scraper_service | Redis connected
2026-03-24 13:39:13 | INFO     | scraper_service | [tender247] completed — found=153 saved=153
2026-03-24 13:54:55 | INFO     | scraper_service | [biddetail] completed — found=378 saved=378
2026-03-24 13:55:00 | INFO     | scraper_service | Redis connected
2026-03-24 13:57:17 | INFO     | scraper_service | Redis connected
2026-03-24 14:01:58 | INFO     | scraper_service | Redis connected
2026-03-24 14:20:43 | INFO     | scraper_service | [tenderdetail] completed — found=10 saved=10
2026-03-24 14:23:03 | INFO     | scraper_service | [gem] completed — found=4 saved=4
2026-03-24 14:24:56 | INFO     | scraper_service | [tender247] completed — found=26 saved=26
2026-03-24 14:26:27 | INFO     | scraper_service | [tenderontime] completed — found=20 saved=20
2026-03-24 14:33:30 | INFO     | scraper_service | [biddetail] completed — found=131 saved=131
2026-03-24 14:33:53 | INFO     | scraper_service | Redis connected
2026-03-24 14:33:55 | INFO     | scraper_service | Redis connected
2026-03-24 14:35:14 | INFO     | scraper_service | Redis connected
2026-03-24 14:35:15 | INFO     | scraper_service | Redis connected
2026-03-24 14:35:42 | INFO     | scraper_service | Redis connected
2026-03-24 14:35:44 | INFO     | scraper_service | Redis connected
2026-03-24 14:46:58 | INFO     | scraper_service | Redis connected
2026-03-24 14:51:09 | INFO     | scraper_service | Redis connected
2026-03-24 14:59:29 | INFO     | scraper_service | Redis connected
2026-03-24 15:01:09 | INFO     | scraper_service | Redis connected
2026-03-24 15:01:11 | INFO     | scraper_service | Redis connected
2026-03-24 15:52:36 | INFO     | scraper_service | [biddetail] completed — found=0 saved=0
2026-03-24 15:52:52 | INFO     | scraper_service | [tenderdetail] completed — found=0 saved=0
2026-03-24 15:52:52 | INFO     | scraper_service | [tender247] completed — found=0 saved=0
2026-03-24 15:53:57 | INFO     | scraper_service | [gem] completed — found=0 saved=0
2026-03-24 15:56:52 | INFO     | scraper_service | [tenderontime] completed — found=0 saved=0
2026-03-24 15:57:14 | INFO     | scraper_service | Redis connected
2026-03-24 15:57:16 | INFO     | scraper_service | Redis connected
2026-03-24 16:01:16 | INFO     | scraper_service | Redis connected
2026-03-24 16:16:56 | INFO     | scraper_service | [tenderdetail] completed — found=28 saved=28
2026-03-24 16:18:51 | INFO     | scraper_service | [tender247] completed — found=65 saved=65
2026-03-24 16:25:00 | INFO     | scraper_service | [gem] completed — found=10 saved=10
2026-03-24 16:32:30 | INFO     | scraper_service | [biddetail] completed — found=193 saved=193
2026-03-24 16:40:44 | INFO     | scraper_service | [tenderontime] completed — found=92 saved=92
2026-03-25 09:50:34 | INFO     | scraper_service | Redis connected
2026-03-25 12:12:17 | INFO     | scraper_service | Redis connected
2026-03-25 15:52:07 | INFO     | scraper_service | Redis connected
2026-03-25 16:35:44 | INFO     | scraper_service | Redis connected
2026-03-25 18:13:16 | INFO     | scraper_service | Redis connected
2026-03-25 18:14:56 | INFO     | scraper_service | Redis connected
2026-03-25 18:24:57 | INFO     | scraper_service | Redis connected
2026-03-26 10:02:35 | INFO     | scraper_service | Redis connected
2026-03-26 10:14:06 | INFO     | scraper_service | Redis connected
2026-03-26 10:26:36 | INFO     | scraper_service | Redis connected
2026-03-26 10:38:28 | INFO     | scraper_service | Redis connected
2026-03-26 10:42:47 | INFO     | scraper_service | Redis connected
2026-03-26 10:46:12 | INFO     | scraper_service | Redis connected
2026-03-26 11:24:48 | INFO     | scraper_service | Redis connected
2026-03-26 11:42:26 | INFO     | scraper_service | Redis connected
2026-03-26 11:55:29 | INFO     | scraper_service | Redis connected
2026-03-26 12:02:00 | INFO     | scraper_service | Redis connected
2026-03-26 12:05:41 | INFO     | scraper_service | Redis connected
2026-03-26 12:34:01 | INFO     | scraper_service | Redis connected
2026-03-26 12:34:03 | INFO     | scraper_service | Redis connected
2026-03-26 13:36:49 | INFO     | scraper_service | Redis connected
2026-03-26 14:17:06 | ERROR    | scraper_service | [gem] failed: [WinError 5] Access is denied: 'C:\\Users\\LEONEX\\.wdm\\drivers\\chromedriver\\win64\\146.0.7680.165\\chromedriver-win32\\chromedriver.exe' -> 'C:\\Users\\LEONEX\\.wdm\\drivers\\chromedriver\\win64\\146.0.7680.165\\chromedriver.exe'
2026-03-26 14:17:19 | ERROR    | scraper_service | [biddetail] failed: [WinError 5] Access is denied: 'C:\\Users\\LEONEX\\.wdm\\drivers\\chromedriver\\win64\\146.0.7680.165\\chromedriver-win32\\chromedriver.exe' -> 'C:\\Users\\LEONEX\\.wdm\\drivers\\chromedriver\\win64\\146.0.7680.165\\chromedriver.exe'
2026-03-26 14:28:48 | INFO     | scraper_service | [tenderdetail] completed — found=27 saved=27
2026-03-26 14:30:07 | INFO     | scraper_service | [tender247] completed — found=65 saved=65
2026-03-26 14:48:06 | INFO     | scraper_service | [gem] completed — found=8 saved=8
2026-03-26 14:53:15 | INFO     | scraper_service | [biddetail] completed — found=206 saved=206
2026-03-26 14:58:00 | INFO     | scraper_service | [tenderontime] completed — found=93 saved=93
2026-03-26 15:02:27 | INFO     | scraper_service | Redis connected
2026-03-26 16:45:53 | INFO     | scraper_service | Redis connected
2026-03-26 16:46:24 | INFO     | scraper_service | Redis connected
2026-03-26 16:46:56 | INFO     | scraper_service | Redis connected
2026-03-26 16:47:27 | INFO     | scraper_service | Redis connected
2026-03-26 16:47:58 | INFO     | scraper_service | Redis connected
2026-03-26 16:52:49 | INFO     | scraper_service | Redis connected
2026-03-26 16:56:59 | INFO     | scraper_service | Redis connected
2026-03-26 16:57:02 | INFO     | scraper_service | Redis connected
2026-03-26 16:59:37 | INFO     | scraper_service | Redis connected
2026-03-26 17:02:48 | INFO     | scraper_service | Redis connected
2026-03-26 17:06:25 | INFO     | scraper_service | Redis connected
2026-03-26 17:06:58 | INFO     | scraper_service | Redis connected
2026-03-26 17:07:00 | INFO     | scraper_service | Redis connected
2026-03-26 17:07:28 | INFO     | scraper_service | Redis connected
2026-03-26 17:07:29 | INFO     | scraper_service | Redis connected
2026-03-26 17:08:40 | INFO     | scraper_service | Redis connected
2026-03-26 17:08:42 | INFO     | scraper_service | Redis connected
2026-03-27 09:57:25 | INFO     | scraper_service | Redis connected
2026-03-27 10:28:11 | INFO     | scraper_service | Redis connected
2026-03-27 10:41:19 | INFO     | scraper_service | Redis connected
2026-03-27 10:43:55 | INFO     | scraper_service | Redis connected
2026-03-27 10:49:38 | INFO     | scraper_service | Redis connected
2026-03-27 10:50:08 | INFO     | scraper_service | Redis connected
2026-03-27 17:00:21 | INFO     | scraper_service | Redis connected
2026-03-27 17:00:50 | INFO     | scraper_service | Redis connected
2026-03-31 11:55:08 | INFO     | scraper_service | Redis connected
2026-03-31 11:56:20 | INFO     | scraper_service | Redis connected
2026-03-31 12:16:53 | INFO     | scraper_service | [tenderdetail] completed — found=18 saved=18
2026-03-31 12:18:37 | INFO     | scraper_service | [tender247] completed — found=38 saved=38
2026-03-31 12:24:44 | INFO     | scraper_service | [biddetail] completed — found=113 saved=113
2026-03-31 12:27:44 | INFO     | scraper_service | [gem] completed — found=5 saved=5
2026-03-31 12:35:54 | INFO     | scraper_service | Redis connected
2026-03-31 12:59:05 | INFO     | scraper_service | [gem] completed — found=7 saved=7
2026-03-31 13:09:43 | INFO     | scraper_service | [tenderontime] completed — found=63 saved=63
2026-04-01 09:54:51 | INFO     | scraper_service | Redis connected
2026-04-01 10:02:50 | ERROR    | scraper_service | [biddetail] failed: Could not reach host. Are you offline?
2026-04-01 10:02:50 | ERROR    | scraper_service | [tender247] failed: Could not reach host. Are you offline?
2026-04-01 10:02:51 | ERROR    | scraper_service | [tenderdetail] failed: Could not reach host. Are you offline?
2026-04-01 10:03:22 | ERROR    | scraper_service | [gem] failed: Message: 'chromedriver.exe' executable may have wrong permissions.

2026-04-01 10:39:56 | INFO     | scraper_service | [tender247] completed — found=39 saved=39
2026-04-01 10:43:13 | INFO     | scraper_service | [tenderdetail] completed — found=20 saved=20
2026-04-01 10:49:45 | INFO     | scraper_service | [biddetail] completed — found=109 saved=109
2026-04-01 10:53:52 | INFO     | scraper_service | [gem] completed — found=6 saved=6
2026-04-01 10:59:47 | INFO     | scraper_service | [tenderontime] completed — found=83 saved=83
2026-04-02 10:11:16 | INFO     | scraper_service | Redis connected
2026-04-02 10:14:27 | ERROR    | scraper_service | [tenderdetail] failed: Message: 'chromedriver.exe' executable may have wrong permissions.

2026-04-02 10:26:29 | INFO     | scraper_service | [tender247] completed — found=3 saved=3
2026-04-02 10:41:26 | INFO     | scraper_service | [tenderdetail] completed — found=19 saved=19
2026-04-02 10:45:48 | INFO     | scraper_service | [biddetail] completed — found=108 saved=108
2026-04-02 10:49:15 | INFO     | scraper_service | [gem] completed — found=12 saved=12
2026-04-02 11:05:35 | INFO     | scraper_service | [tenderontime] completed — found=72 saved=72
2026-04-06 09:47:49 | INFO     | scraper_service | Redis connected
2026-04-06 09:48:45 | ERROR    | scraper_service | [tender247] failed: [WinError 5] Access is denied: 'C:\\Users\\LEONEX\\.wdm\\drivers\\chromedriver\\win64\\146.0.7680.165\\chromedriver-win32\\chromedriver.exe' -> 'C:\\Users\\LEONEX\\.wdm\\drivers\\chromedriver\\win64\\146.0.7680.165\\chromedriver.exe'
2026-04-06 10:11:38 | INFO     | scraper_service | [tender247] completed — found=32 saved=32
2026-04-06 10:13:55 | INFO     | scraper_service | [tenderdetail] completed — found=16 saved=16
2026-04-06 10:24:11 | INFO     | scraper_service | [biddetail] completed — found=107 saved=107
2026-04-06 10:24:12 | INFO     | scraper_service | [gem] completed — found=8 saved=8
2026-04-06 10:44:33 | INFO     | scraper_service | [tenderontime] completed — found=75 saved=75
2026-04-06 14:57:45 | INFO     | scraper_service | Redis connected
2026-04-06 15:02:15 | INFO     | scraper_service | Redis connected
2026-04-06 15:02:17 | INFO     | scraper_service | Redis connected
2026-04-06 15:07:22 | INFO     | scraper_service | Redis connected
2026-04-06 15:07:48 | INFO     | scraper_service | Redis connected
2026-04-06 15:20:11 | INFO     | scraper_service | Redis connected
2026-04-06 15:20:13 | INFO     | scraper_service | Redis connected
2026-04-06 15:21:39 | INFO     | scraper_service | Redis connected
2026-04-06 15:28:15 | INFO     | scraper_service | Redis connected
2026-04-06 15:39:22 | INFO     | scraper_service | Redis connected
2026-04-06 15:45:21 | INFO     | scraper_service | Redis connected
2026-04-06 15:46:09 | INFO     | scraper_service | Redis connected
2026-04-06 16:03:22 | INFO     | scraper_service | Redis connected
2026-04-06 16:05:59 | INFO     | scraper_service | Redis connected
2026-04-06 16:06:44 | INFO     | scraper_service | Redis connected
2026-04-06 16:11:44 | INFO     | scraper_service | Redis connected
2026-04-07 09:58:37 | INFO     | scraper_service | Redis connected
2026-04-07 09:58:53 | INFO     | scraper_service | Redis connected
2026-04-07 10:01:33 | ERROR    | scraper_service | [tender247] failed: Message: 'chromedriver.exe' executable may have wrong permissions.

2026-04-07 10:01:33 | ERROR    | scraper_service | [tenderdetail] failed: Message: 'chromedriver.exe' executable may have wrong permissions.

2026-04-07 10:32:40 | INFO     | scraper_service | [tender247] completed — found=32 saved=32
2026-04-07 10:33:41 | INFO     | scraper_service | [tenderdetail] completed — found=15 saved=15
2026-04-07 10:47:30 | INFO     | scraper_service | [biddetail] completed — found=110 saved=110
2026-04-07 10:52:46 | INFO     | scraper_service | [gem] completed — found=6 saved=6
2026-04-07 11:08:03 | INFO     | scraper_service | [tenderontime] completed — found=71 saved=71
2026-04-07 11:26:01 | INFO     | scraper_service | Redis connected
2026-04-07 11:36:04 | INFO     | scraper_service | [biddetail] completed — found=0 saved=0
2026-04-07 11:39:12 | INFO     | scraper_service | Redis connected
2026-04-07 11:48:29 | INFO     | scraper_service | [biddetail] completed — found=0 saved=0
2026-04-07 11:52:50 | INFO     | scraper_service | Redis connected
2026-04-07 12:11:48 | INFO     | scraper_service | [biddetail] completed — found=0 saved=0
2026-04-07 12:12:29 | INFO     | scraper_service | Redis connected
2026-04-07 12:20:42 | INFO     | scraper_service | Redis connected
2026-04-07 12:33:24 | INFO     | scraper_service | [biddetail] completed — found=0 saved=0
2026-04-07 12:59:46 | INFO     | scraper_service | Redis connected
2026-04-07 13:00:55 | INFO     | scraper_service | [biddetail] stopped — found=0 saved=0
2026-04-07 13:09:31 | INFO     | scraper_service | Redis connected
2026-04-07 13:22:50 | INFO     | scraper_service | [biddetail] completed — found=0 saved=0
2026-04-07 13:37:58 | INFO     | scraper_service | Redis connected
2026-04-07 13:40:35 | INFO     | scraper_service | Redis connected
2026-04-07 13:41:35 | INFO     | scraper_service | Redis connected
2026-04-07 13:44:27 | INFO     | scraper_service | Redis connected
2026-04-07 13:53:07 | INFO     | scraper_service | Redis connected
2026-04-07 15:00:12 | INFO     | scraper_service | [biddetail] completed — found=382 saved=382
2026-04-07 15:00:55 | INFO     | scraper_service | Redis connected
2026-04-07 15:29:23 | INFO     | scraper_service | [biddetail] completed — found=102 saved=102
2026-04-07 18:08:17 | INFO     | scraper_service | Redis connected
2026-04-07 18:08:20 | INFO     | scraper_service | Redis connected
2026-04-08 10:02:37 | INFO     | scraper_service | Redis connected
2026-04-08 10:04:29 | INFO     | scraper_service | Redis connected
2026-04-08 10:07:15 | ERROR    | scraper_service | [tender247] failed: [WinError 5] Access is denied: 'C:\\Users\\LEONEX\\.wdm\\drivers\\chromedriver\\win64\\146.0.7680.165\\chromedriver-win32\\chromedriver.exe' -> 'C:\\Users\\LEONEX\\.wdm\\drivers\\chromedriver\\win64\\146.0.7680.165\\chromedriver.exe'
2026-04-08 10:07:15 | ERROR    | scraper_service | [gem] failed: [WinError 5] Access is denied: 'C:\\Users\\LEONEX\\.wdm\\drivers\\chromedriver\\win64\\146.0.7680.165\\chromedriver-win32\\chromedriver.exe' -> 'C:\\Users\\LEONEX\\.wdm\\drivers\\chromedriver\\win64\\146.0.7680.165\\chromedriver.exe'
2026-04-08 10:22:24 | INFO     | scraper_service | [tenderdetail] completed — found=17 saved=17
2026-04-08 10:31:23 | INFO     | scraper_service | [tender247] completed — found=36 saved=36
2026-04-08 10:38:01 | INFO     | scraper_service | [gem] completed — found=6 saved=6
2026-04-08 10:38:42 | INFO     | scraper_service | [biddetail] completed — found=103 saved=103
2026-04-08 10:46:19 | INFO     | scraper_service | [tenderontime] completed — found=81 saved=81
2026-04-08 10:53:03 | INFO     | scraper_service | Redis connected
2026-04-08 10:53:05 | INFO     | scraper_service | Redis connected
2026-04-08 10:53:23 | INFO     | scraper_service | Redis connected
2026-04-08 10:53:24 | INFO     | scraper_service | Redis connected
